<?xml version="1.0" encoding="UTF-8"?>
<!-- Generated by org.testng.reporters.JUnitXMLReporter -->
<testsuite hostname="SEZT1FF221NCU" ignored="0" name="Open Cart Accounts Page Test" tests="11" failures="0" timestamp="03 Jul 2021 15:56:10 GMT" time="7.931" errors="0">
  <testcase name="@BeforeTest setUp" time="7.906" classname="com.qa.opencart.tests.BaseTest">
    <failure type="org.openqa.selenium.WebDriverException" message="unknown error: cannot determine loading status
from disconnected: received Inspector.detached event
  (Session info: chrome=91.0.4472.124)
Build info: version: &amp;apos;3.141.59&amp;apos;, revision: &amp;apos;e82be7d358&amp;apos;, time: &amp;apos;2018-11-14T08:17:03&amp;apos;
System info: host: &amp;apos;SEZT1FF221NCU&amp;apos;, ip: &amp;apos;192.168.1.6&amp;apos;, os.name: &amp;apos;Windows 10&amp;apos;, os.arch: &amp;apos;amd64&amp;apos;, os.version: &amp;apos;10.0&amp;apos;, java.version: &amp;apos;1.8.0_221&amp;apos;
Driver info: org.openqa.selenium.chrome.ChromeDriver
Capabilities {acceptInsecureCerts: false, browserName: chrome, browserVersion: 91.0.4472.124, chrome: {chromedriverVersion: 91.0.4472.101 (af52a90bf870..., userDataDir: C:\Users\SHAILE~1.KUM\AppDa...}, goog:chromeOptions: {debuggerAddress: localhost:50527}, javascriptEnabled: true, networkConnectionEnabled: false, pageLoadStrategy: normal, platform: WINDOWS, platformName: WINDOWS, proxy: Proxy(), setWindowRect: true, strictFileInteractability: false, timeouts: {implicit: 0, pageLoad: 300000, script: 30000}, unhandledPromptBehavior: dismiss and notify, webauthn:extension:largeBlob: true, webauthn:virtualAuthenticators: true}
Session ID: edaafe74bbb2f1cf0e8fad63db82fa6b">
      <![CDATA[org.openqa.selenium.WebDriverException: unknown error: cannot determine loading status
from disconnected: received Inspector.detached event
  (Session info: chrome=91.0.4472.124)
Build info: version: '3.141.59', revision: 'e82be7d358', time: '2018-11-14T08:17:03'
System info: host: 'SEZT1FF221NCU', ip: '192.168.1.6', os.name: 'Windows 10', os.arch: 'amd64', os.version: '10.0', java.version: '1.8.0_221'
Driver info: org.openqa.selenium.chrome.ChromeDriver
Capabilities {acceptInsecureCerts: false, browserName: chrome, browserVersion: 91.0.4472.124, chrome: {chromedriverVersion: 91.0.4472.101 (af52a90bf870..., userDataDir: C:\Users\SHAILE~1.KUM\AppDa...}, goog:chromeOptions: {debuggerAddress: localhost:50527}, javascriptEnabled: true, networkConnectionEnabled: false, pageLoadStrategy: normal, platform: WINDOWS, platformName: WINDOWS, proxy: Proxy(), setWindowRect: true, strictFileInteractability: false, timeouts: {implicit: 0, pageLoad: 300000, script: 30000}, unhandledPromptBehavior: dismiss and notify, webauthn:extension:largeBlob: true, webauthn:virtualAuthenticators: true}
Session ID: edaafe74bbb2f1cf0e8fad63db82fa6b
at org.openqa.selenium.remote.http.W3CHttpResponseCodec.createException(W3CHttpResponseCodec.java:187)
at org.openqa.selenium.remote.http.W3CHttpResponseCodec.decode(W3CHttpResponseCodec.java:122)
at org.openqa.selenium.remote.http.W3CHttpResponseCodec.decode(W3CHttpResponseCodec.java:49)
at org.openqa.selenium.remote.HttpCommandExecutor.execute(HttpCommandExecutor.java:158)
at org.openqa.selenium.remote.service.DriverCommandExecutor.execute(DriverCommandExecutor.java:83)
at org.openqa.selenium.remote.RemoteWebDriver.execute(RemoteWebDriver.java:552)
at org.openqa.selenium.remote.RemoteWebDriver.get(RemoteWebDriver.java:277)
at com.qa.opencart.factory.DriverFactory.init_driver(DriverFactory.java:54)
at com.qa.opencart.tests.BaseTest.setUp(BaseTest.java:34)
... Removed 32 stack frames]]>
    </failure>
  </testcase> <!-- @BeforeTest setUp -->
  <testcase name="@BeforeClass accPageSetup" time="0.0" classname="com.qa.opencart.tests.AccountsPageTest">
    <skipped/>
  </testcase> <!-- @BeforeClass accPageSetup -->
  <testcase name="@AfterTest tearDown" time="0.0" classname="com.qa.opencart.tests.BaseTest">
    <skipped/>
  </testcase> <!-- @AfterTest tearDown -->
  <testcase name="accPageSectionsListTest" time="0.0" classname="com.qa.opencart.tests.AccountsPageTest">
    <skipped/>
  </testcase> <!-- accPageSectionsListTest -->
  <testcase name="accPageTitleTest" time="0.0" classname="com.qa.opencart.tests.AccountsPageTest">
    <skipped/>
  </testcase> <!-- accPageTitleTest -->
  <testcase name="headerTest" time="0.0" classname="com.qa.opencart.tests.AccountsPageTest">
    <skipped/>
  </testcase> <!-- headerTest -->
  <testcase name="logoutLinkTest" time="0.0" classname="com.qa.opencart.tests.AccountsPageTest">
    <skipped/>
  </testcase> <!-- logoutLinkTest -->
  <testcase name="searchExistTest" time="0.0" classname="com.qa.opencart.tests.AccountsPageTest">
    <skipped/>
  </testcase> <!-- searchExistTest -->
  <testcase name="searchTest" time="0.0" classname="com.qa.opencart.tests.AccountsPageTest">
    <skipped/>
  </testcase> <!-- searchTest -->
  <testcase name="searchTest" time="0.0" classname="com.qa.opencart.tests.AccountsPageTest">
    <skipped/>
  </testcase> <!-- searchTest -->
  <testcase name="searchTest" time="0.0" classname="com.qa.opencart.tests.AccountsPageTest">
    <skipped/>
  </testcase> <!-- searchTest -->
  <testcase name="selectProduct" time="0.0" classname="com.qa.opencart.tests.AccountsPageTest">
    <skipped/>
  </testcase> <!-- selectProduct -->
  <testcase name="selectProduct" time="0.0" classname="com.qa.opencart.tests.AccountsPageTest">
    <skipped/>
  </testcase> <!-- selectProduct -->
  <testcase name="selectProduct" time="0.0" classname="com.qa.opencart.tests.AccountsPageTest">
    <skipped/>
  </testcase> <!-- selectProduct -->
</testsuite> <!-- Open Cart Accounts Page Test -->
