<!DOCTYPE html>

<html>
  <head>
  <meta charset='utf-8'>
  <title>TestNG reports</title>

    <link type="text/css" href="testng-reports.css" rel="stylesheet" />
    <script type="text/javascript" src="jquery-1.7.1.min.js"></script>
    <script type="text/javascript" src="testng-reports.js"></script>
    <script type="text/javascript" src="https://www.google.com/jsapi"></script>
    <script type='text/javascript'>
      google.load('visualization', '1', {packages:['table']});
      google.setOnLoadCallback(drawTable);
      var suiteTableInitFunctions = new Array();
      var suiteTableData = new Array();
    </script>
    <!--
      <script type="text/javascript" src="jquery-ui/js/jquery-ui-1.8.16.custom.min.js"></script>
     -->
  </head>

  <body>
    <div class="top-banner-root">
      <span class="top-banner-title-font">Test results</span>
      <br/>
      <span class="top-banner-font-1">1 suite, 6 failed tests</span>
    </div> <!-- top-banner-root -->
    <div class="navigator-root">
      <div class="navigator-suite-header">
        <span>All suites</span>
        <a href="#" class="collapse-all-link" title="Collapse/expand all the suites">
          <img class="collapse-all-icon" src="collapseall.gif">
          </img> <!-- collapse-all-icon -->
        </a> <!-- collapse-all-link -->
      </div> <!-- navigator-suite-header -->
      <div class="suite">
        <div class="rounded-window">
          <div class="suite-header light-rounded-window-top">
            <a href="#" class="navigator-link" panel-name="suite-Open_Cart_Test_Suite">
              <span class="suite-name border-failed">Open Cart Test Suite</span>
            </a> <!-- navigator-link -->
          </div> <!-- suite-header light-rounded-window-top -->
          <div class="navigator-suite-content">
            <div class="suite-section-title">
              <span>Info</span>
            </div> <!-- suite-section-title -->
            <div class="suite-section-content">
              <ul>
                <li>
                  <a href="#" class="navigator-link " panel-name="test-xml-Open_Cart_Test_Suite">
                    <span>C:\Users\shailesh.kumar2\eclipse-workspace\POMjavaFramework\src\test\resources\testrunners\testng_regression.xml</span>
                  </a> <!-- navigator-link  -->
                </li>
                <li>
                  <a href="#" class="navigator-link " panel-name="testlist-Open_Cart_Test_Suite">
                    <span class="test-stats">4 tests</span>
                  </a> <!-- navigator-link  -->
                </li>
                <li>
                  <a href="#" class="navigator-link " panel-name="group-Open_Cart_Test_Suite">
                    <span>0 groups</span>
                  </a> <!-- navigator-link  -->
                </li>
                <li>
                  <a href="#" class="navigator-link " panel-name="times-Open_Cart_Test_Suite">
                    <span>Times</span>
                  </a> <!-- navigator-link  -->
                </li>
                <li>
                  <a href="#" class="navigator-link " panel-name="reporter-Open_Cart_Test_Suite">
                    <span>Reporter output</span>
                  </a> <!-- navigator-link  -->
                </li>
                <li>
                  <a href="#" class="navigator-link " panel-name="ignored-methods-Open_Cart_Test_Suite">
                    <span>Ignored methods</span>
                  </a> <!-- navigator-link  -->
                </li>
                <li>
                  <a href="#" class="navigator-link " panel-name="chronological-Open_Cart_Test_Suite">
                    <span>Chronological view</span>
                  </a> <!-- navigator-link  -->
                </li>
              </ul>
            </div> <!-- suite-section-content -->
            <div class="result-section">
              <div class="suite-section-title">
                <span>Results</span>
              </div> <!-- suite-section-title -->
              <div class="suite-section-content">
                <ul>
                  <li>
                    <span class="method-stats">24 methods, 6 failed,   18 passed</span>
                  </li>
                  <li>
                    <span class="method-list-title failed">Failed methods</span>
                    <span class="show-or-hide-methods failed">
                      <a href="#" panel-name="suite-Open_Cart_Test_Suite" class="hide-methods failed suite-Open_Cart_Test_Suite"> (hide)</a> <!-- hide-methods failed suite-Open_Cart_Test_Suite -->
                      <a href="#" panel-name="suite-Open_Cart_Test_Suite" class="show-methods failed suite-Open_Cart_Test_Suite"> (show)</a> <!-- show-methods failed suite-Open_Cart_Test_Suite -->
                    </span>
                    <div class="method-list-content failed suite-Open_Cart_Test_Suite">
                      <span>
                        <img width="3%" src="failed.png"/>
                        <a href="#" class="method navigator-link" panel-name="suite-Open_Cart_Test_Suite" title="com.qa.opencart.tests.ProductInfoPageTest" hash-for-method="productImagesTest(apple, apple cinema 30&#039;)">productImagesTest(apple, apple cinema 30')</a> <!-- method navigator-link -->
                      </span>
                      <br/>
                      <span>
                        <img width="3%" src="failed.png"/>
                        <a href="#" class="method navigator-link" panel-name="suite-Open_Cart_Test_Suite" title="com.qa.opencart.tests.ProductInfoPageTest" hash-for-method="productImagesTest(Macbook, Macbook Pro)">productImagesTest(Macbook, Macbook Pro)</a> <!-- method navigator-link -->
                      </span>
                      <br/>
                      <span>
                        <img width="3%" src="failed.png"/>
                        <a href="#" class="method navigator-link" panel-name="suite-Open_Cart_Test_Suite" title="com.qa.opencart.tests.ProductInfoPageTest" hash-for-method="productInfoHeaderTest(Macbook, Macbook Pro)">productInfoHeaderTest(Macbook, Macbook Pro)</a> <!-- method navigator-link -->
                      </span>
                      <br/>
                      <span>
                        <img width="3%" src="failed.png"/>
                        <a href="#" class="method navigator-link" panel-name="suite-Open_Cart_Test_Suite" title="com.qa.opencart.tests.ProductInfoPageTest" hash-for-method="productInfoHeaderTest(apple, apple cinema 30&#039;)">productInfoHeaderTest(apple, apple cinema 30')</a> <!-- method navigator-link -->
                      </span>
                      <br/>
                      <span>
                        <img width="3%" src="failed.png"/>
                        <a href="#" class="method navigator-link" panel-name="suite-Open_Cart_Test_Suite" title="com.qa.opencart.tests.AccountsPageTest" hash-for-method="selectProduct(Apple, Apple Cinema 30)">selectProduct(Apple, Apple Cinema 30)</a> <!-- method navigator-link -->
                      </span>
                      <br/>
                      <span>
                        <img width="3%" src="failed.png"/>
                        <a href="#" class="method navigator-link" panel-name="suite-Open_Cart_Test_Suite" title="com.qa.opencart.tests.AccountsPageTest" hash-for-method="selectProduct(Macbook, Macbook Pro)">selectProduct(Macbook, Macbook Pro)</a> <!-- method navigator-link -->
                      </span>
                      <br/>
                    </div> <!-- method-list-content failed suite-Open_Cart_Test_Suite -->
                  </li>
                  <li>
                    <span class="method-list-title passed">Passed methods</span>
                    <span class="show-or-hide-methods passed">
                      <a href="#" panel-name="suite-Open_Cart_Test_Suite" class="hide-methods passed suite-Open_Cart_Test_Suite"> (hide)</a> <!-- hide-methods passed suite-Open_Cart_Test_Suite -->
                      <a href="#" panel-name="suite-Open_Cart_Test_Suite" class="show-methods passed suite-Open_Cart_Test_Suite"> (show)</a> <!-- show-methods passed suite-Open_Cart_Test_Suite -->
                    </span>
                    <div class="method-list-content passed suite-Open_Cart_Test_Suite">
                      <span>
                        <img width="3%" src="passed.png"/>
                        <a href="#" class="method navigator-link" panel-name="suite-Open_Cart_Test_Suite" title="com.qa.opencart.tests.AccountsPageTest" hash-for-method="accPageSectionsListTest">accPageSectionsListTest</a> <!-- method navigator-link -->
                      </span>
                      <br/>
                      <span>
                        <img width="3%" src="passed.png"/>
                        <a href="#" class="method navigator-link" panel-name="suite-Open_Cart_Test_Suite" title="com.qa.opencart.tests.AccountsPageTest" hash-for-method="accPageTitleTest">accPageTitleTest</a> <!-- method navigator-link -->
                      </span>
                      <br/>
                      <span>
                        <img width="3%" src="passed.png"/>
                        <a href="#" class="method navigator-link" panel-name="suite-Open_Cart_Test_Suite" title="com.qa.opencart.tests.LoginPageTest" hash-for-method="forgotPwdLinkTest">forgotPwdLinkTest</a> <!-- method navigator-link -->
                      </span>
                      <br/>
                      <span>
                        <img width="3%" src="passed.png"/>
                        <a href="#" class="method navigator-link" panel-name="suite-Open_Cart_Test_Suite" title="com.qa.opencart.tests.AccountsPageTest" hash-for-method="headerTest">headerTest</a> <!-- method navigator-link -->
                      </span>
                      <br/>
                      <span>
                        <img width="3%" src="passed.png"/>
                        <a href="#" class="method navigator-link" panel-name="suite-Open_Cart_Test_Suite" title="com.qa.opencart.tests.LoginPageTest" hash-for-method="loginPageTitleTest">loginPageTitleTest</a> <!-- method navigator-link -->
                      </span>
                      <br/>
                      <span>
                        <img width="3%" src="passed.png"/>
                        <a href="#" class="method navigator-link" panel-name="suite-Open_Cart_Test_Suite" title="com.qa.opencart.tests.LoginPageTest" hash-for-method="loginTest">loginTest</a> <!-- method navigator-link -->
                      </span>
                      <br/>
                      <span>
                        <img width="3%" src="passed.png"/>
                        <a href="#" class="method navigator-link" panel-name="suite-Open_Cart_Test_Suite" title="com.qa.opencart.tests.AccountsPageTest" hash-for-method="logoutLinkTest">logoutLinkTest</a> <!-- method navigator-link -->
                      </span>
                      <br/>
                      <span>
                        <img width="3%" src="passed.png"/>
                        <a href="#" class="method navigator-link" panel-name="suite-Open_Cart_Test_Suite" title="com.qa.opencart.tests.ProductInfoPageTest" hash-for-method="productImagesTest(iMac, iMac)">productImagesTest(iMac, iMac)</a> <!-- method navigator-link -->
                      </span>
                      <br/>
                      <span>
                        <img width="3%" src="passed.png"/>
                        <a href="#" class="method navigator-link" panel-name="suite-Open_Cart_Test_Suite" title="com.qa.opencart.tests.ProductInfoPageTest" hash-for-method="productInfoHeaderTest(iMac, iMac)">productInfoHeaderTest(iMac, iMac)</a> <!-- method navigator-link -->
                      </span>
                      <br/>
                      <span>
                        <img width="3%" src="passed.png"/>
                        <a href="#" class="method navigator-link" panel-name="suite-Open_Cart_Test_Suite" title="com.qa.opencart.tests.ProductInfoPageTest" hash-for-method="productInfoTest">productInfoTest</a> <!-- method navigator-link -->
                      </span>
                      <br/>
                      <span>
                        <img width="3%" src="passed.png"/>
                        <a href="#" class="method navigator-link" panel-name="suite-Open_Cart_Test_Suite" title="com.qa.opencart.tests.AccountsPageTest" hash-for-method="searchExistTest">searchExistTest</a> <!-- method navigator-link -->
                      </span>
                      <br/>
                      <span>
                        <img width="3%" src="passed.png"/>
                        <a href="#" class="method navigator-link" panel-name="suite-Open_Cart_Test_Suite" title="com.qa.opencart.tests.AccountsPageTest" hash-for-method="searchTest(Apple)">searchTest(Apple)</a> <!-- method navigator-link -->
                      </span>
                      <br/>
                      <span>
                        <img width="3%" src="passed.png"/>
                        <a href="#" class="method navigator-link" panel-name="suite-Open_Cart_Test_Suite" title="com.qa.opencart.tests.AccountsPageTest" hash-for-method="searchTest(iMac)">searchTest(iMac)</a> <!-- method navigator-link -->
                      </span>
                      <br/>
                      <span>
                        <img width="3%" src="passed.png"/>
                        <a href="#" class="method navigator-link" panel-name="suite-Open_Cart_Test_Suite" title="com.qa.opencart.tests.AccountsPageTest" hash-for-method="searchTest(Macbook)">searchTest(Macbook)</a> <!-- method navigator-link -->
                      </span>
                      <br/>
                      <span>
                        <img width="3%" src="passed.png"/>
                        <a href="#" class="method navigator-link" panel-name="suite-Open_Cart_Test_Suite" title="com.qa.opencart.tests.AccountsPageTest" hash-for-method="selectProduct(iMac, iMac)">selectProduct(iMac, iMac)</a> <!-- method navigator-link -->
                      </span>
                      <br/>
                      <span>
                        <img width="3%" src="passed.png"/>
                        <a href="#" class="method navigator-link" panel-name="suite-Open_Cart_Test_Suite" title="com.qa.opencart.tests.RegistrationPageTest" hash-for-method="userRegistrationTest(varsha, voshi, 4343433434, varsha@1243, no)">userRegistrationTest(varsha, voshi, 4343433434, varsha@1243, no)</a> <!-- method navigator-link -->
                      </span>
                      <br/>
                      <span>
                        <img width="3%" src="passed.png"/>
                        <a href="#" class="method navigator-link" panel-name="suite-Open_Cart_Test_Suite" title="com.qa.opencart.tests.RegistrationPageTest" hash-for-method="userRegistrationTest(rahul , KUMAR, 2323232323, rahul@22, yes)">userRegistrationTest(rahul , KUMAR, 2323232323, rahul@22, yes)</a> <!-- method navigator-link -->
                      </span>
                      <br/>
                      <span>
                        <img width="3%" src="passed.png"/>
                        <a href="#" class="method navigator-link" panel-name="suite-Open_Cart_Test_Suite" title="com.qa.opencart.tests.RegistrationPageTest" hash-for-method="userRegistrationTest(Shailesh, kumar, 3434343434, shailesh@123, yes)">userRegistrationTest(Shailesh, kumar, 3434343434, shailesh@123, yes)</a> <!-- method navigator-link -->
                      </span>
                      <br/>
                    </div> <!-- method-list-content passed suite-Open_Cart_Test_Suite -->
                  </li>
                </ul>
              </div> <!-- suite-section-content -->
            </div> <!-- result-section -->
          </div> <!-- navigator-suite-content -->
        </div> <!-- rounded-window -->
      </div> <!-- suite -->
    </div> <!-- navigator-root -->
    <div class="wrapper">
      <div class="main-panel-root">
        <div panel-name="suite-Open_Cart_Test_Suite" class="panel Open_Cart_Test_Suite">
          <div class="suite-Open_Cart_Test_Suite-class-failed">
            <div class="main-panel-header rounded-window-top">
              <img src="failed.png"/>
              <span class="class-name">com.qa.opencart.tests.AccountsPageTest</span>
            </div> <!-- main-panel-header rounded-window-top -->
            <div class="main-panel-content rounded-window-bottom">
              <div class="method">
                <div class="method-content">
                  <a name="selectProduct(Apple, Apple Cinema 30)">
                  </a> <!-- selectProduct(Apple, Apple Cinema 30) -->
                  <span class="method-name">selectProduct</span>
                  <span class="parameters">(Apple, Apple Cinema 30)</span>
                  <div class="stack-trace">java.lang.AssertionError: expected [Apple Cinema 30] but found [Search - Apple]
	at org.testng.Assert.fail(Assert.java:96)
	at org.testng.Assert.failNotEquals(Assert.java:776)
	at org.testng.Assert.assertEqualsImpl(Assert.java:137)
	at org.testng.Assert.assertEquals(Assert.java:118)
	at org.testng.Assert.assertEquals(Assert.java:453)
	at org.testng.Assert.assertEquals(Assert.java:463)
	at com.qa.opencart.tests.AccountsPageTest.selectProduct(AccountsPageTest.java:68)
	at sun.reflect.NativeMethodAccessorImpl.invoke0(Native Method)
	at sun.reflect.NativeMethodAccessorImpl.invoke(Unknown Source)
	at sun.reflect.DelegatingMethodAccessorImpl.invoke(Unknown Source)
	at java.lang.reflect.Method.invoke(Unknown Source)
	at org.testng.internal.MethodInvocationHelper.invokeMethod(MethodInvocationHelper.java:124)
	at org.testng.internal.Invoker.invokeMethod(Invoker.java:583)
	at org.testng.internal.Invoker.invokeTestMethod(Invoker.java:719)
	at org.testng.internal.Invoker.invokeTestMethods(Invoker.java:989)
	at org.testng.internal.TestMethodWorker.invokeTestMethods(TestMethodWorker.java:125)
	at org.testng.internal.TestMethodWorker.run(TestMethodWorker.java:109)
	at org.testng.TestRunner.privateRun(TestRunner.java:648)
	at org.testng.TestRunner.run(TestRunner.java:505)
	at org.testng.SuiteRunner.runTest(SuiteRunner.java:455)
	at org.testng.SuiteRunner.runSequentially(SuiteRunner.java:450)
	at org.testng.SuiteRunner.privateRun(SuiteRunner.java:415)
	at org.testng.SuiteRunner.run(SuiteRunner.java:364)
	at org.testng.SuiteRunnerWorker.runSuite(SuiteRunnerWorker.java:52)
	at org.testng.SuiteRunnerWorker.run(SuiteRunnerWorker.java:84)
	at org.testng.TestNG.runSuitesSequentially(TestNG.java:1208)
	at org.testng.TestNG.runSuitesLocally(TestNG.java:1137)
	at org.testng.TestNG.runSuites(TestNG.java:1049)
	at org.testng.TestNG.run(TestNG.java:1017)
	at org.testng.remote.AbstractRemoteTestNG.run(AbstractRemoteTestNG.java:115)
	at org.testng.remote.RemoteTestNG.initAndRun(RemoteTestNG.java:251)
	at org.testng.remote.RemoteTestNG.main(RemoteTestNG.java:77)

</div> <!-- stack-trace -->
                </div> <!-- method-content -->
              </div> <!-- method -->
              <div class="method">
                <div class="method-content">
                  <a name="selectProduct(Macbook, Macbook Pro)">
                  </a> <!-- selectProduct(Macbook, Macbook Pro) -->
                  <span class="method-name">selectProduct</span>
                  <span class="parameters">(Macbook, Macbook Pro)</span>
                  <div class="stack-trace">java.lang.AssertionError: expected [Macbook Pro] but found [Search - Macbook]
	at org.testng.Assert.fail(Assert.java:96)
	at org.testng.Assert.failNotEquals(Assert.java:776)
	at org.testng.Assert.assertEqualsImpl(Assert.java:137)
	at org.testng.Assert.assertEquals(Assert.java:118)
	at org.testng.Assert.assertEquals(Assert.java:453)
	at org.testng.Assert.assertEquals(Assert.java:463)
	at com.qa.opencart.tests.AccountsPageTest.selectProduct(AccountsPageTest.java:68)
	at sun.reflect.NativeMethodAccessorImpl.invoke0(Native Method)
	at sun.reflect.NativeMethodAccessorImpl.invoke(Unknown Source)
	at sun.reflect.DelegatingMethodAccessorImpl.invoke(Unknown Source)
	at java.lang.reflect.Method.invoke(Unknown Source)
	at org.testng.internal.MethodInvocationHelper.invokeMethod(MethodInvocationHelper.java:124)
	at org.testng.internal.Invoker.invokeMethod(Invoker.java:583)
	at org.testng.internal.Invoker.invokeTestMethod(Invoker.java:719)
	at org.testng.internal.Invoker.invokeTestMethods(Invoker.java:989)
	at org.testng.internal.TestMethodWorker.invokeTestMethods(TestMethodWorker.java:125)
	at org.testng.internal.TestMethodWorker.run(TestMethodWorker.java:109)
	at org.testng.TestRunner.privateRun(TestRunner.java:648)
	at org.testng.TestRunner.run(TestRunner.java:505)
	at org.testng.SuiteRunner.runTest(SuiteRunner.java:455)
	at org.testng.SuiteRunner.runSequentially(SuiteRunner.java:450)
	at org.testng.SuiteRunner.privateRun(SuiteRunner.java:415)
	at org.testng.SuiteRunner.run(SuiteRunner.java:364)
	at org.testng.SuiteRunnerWorker.runSuite(SuiteRunnerWorker.java:52)
	at org.testng.SuiteRunnerWorker.run(SuiteRunnerWorker.java:84)
	at org.testng.TestNG.runSuitesSequentially(TestNG.java:1208)
	at org.testng.TestNG.runSuitesLocally(TestNG.java:1137)
	at org.testng.TestNG.runSuites(TestNG.java:1049)
	at org.testng.TestNG.run(TestNG.java:1017)
	at org.testng.remote.AbstractRemoteTestNG.run(AbstractRemoteTestNG.java:115)
	at org.testng.remote.RemoteTestNG.initAndRun(RemoteTestNG.java:251)
	at org.testng.remote.RemoteTestNG.main(RemoteTestNG.java:77)

</div> <!-- stack-trace -->
                </div> <!-- method-content -->
              </div> <!-- method -->
            </div> <!-- main-panel-content rounded-window-bottom -->
          </div> <!-- suite-Open_Cart_Test_Suite-class-failed -->
          <div class="suite-Open_Cart_Test_Suite-class-failed">
            <div class="main-panel-header rounded-window-top">
              <img src="failed.png"/>
              <span class="class-name">com.qa.opencart.tests.ProductInfoPageTest</span>
            </div> <!-- main-panel-header rounded-window-top -->
            <div class="main-panel-content rounded-window-bottom">
              <div class="method">
                <div class="method-content">
                  <a name="productImagesTest(apple, apple cinema 30&#039;)">
                  </a> <!-- productImagesTest(apple, apple cinema 30') -->
                  <span class="method-name">productImagesTest</span>
                  <span class="parameters">(apple, apple cinema 30')</span>
                  <div class="stack-trace">org.openqa.selenium.TimeoutException: Expected condition failed: waiting for visibility of all elements located by By.cssSelector: ul.thumbnails img (tried for 5 second(s) with 500 milliseconds interval)
Build info: version: &apos;3.141.59&apos;, revision: &apos;e82be7d358&apos;, time: &apos;2018-11-14T08:17:03&apos;
System info: host: &apos;SEZT1FF221NCU&apos;, ip: &apos;192.168.1.6&apos;, os.name: &apos;Windows 10&apos;, os.arch: &apos;amd64&apos;, os.version: &apos;10.0&apos;, java.version: &apos;1.8.0_231&apos;
Driver info: org.openqa.selenium.chrome.ChromeDriver
Capabilities {acceptInsecureCerts: false, browserName: chrome, browserVersion: 91.0.4472.124, chrome: {chromedriverVersion: 91.0.4472.101 (af52a90bf870..., userDataDir: C:\Users\SHAILE~1.KUM\AppDa...}, goog:chromeOptions: {debuggerAddress: localhost:49620}, javascriptEnabled: true, networkConnectionEnabled: false, pageLoadStrategy: normal, platform: WINDOWS, platformName: WINDOWS, proxy: Proxy(), setWindowRect: true, strictFileInteractability: false, timeouts: {implicit: 0, pageLoad: 300000, script: 30000}, unhandledPromptBehavior: dismiss and notify, webauthn:extension:largeBlob: true, webauthn:virtualAuthenticators: true}
Session ID: d295dab67b8d4295880e4a7bd0b1acaa
	at org.openqa.selenium.support.ui.WebDriverWait.timeoutException(WebDriverWait.java:95)
	at org.openqa.selenium.support.ui.FluentWait.until(FluentWait.java:272)
	at com.qa.opencart.utils.ElementUtil.waitForElementsToBeVisible(ElementUtil.java:224)
	at com.qa.opencart.pages.ProductInfoPage.getProductImagesCount(ProductInfoPage.java:40)
	at com.qa.opencart.tests.ProductInfoPageTest.productImagesTest(ProductInfoPageTest.java:37)
	at sun.reflect.NativeMethodAccessorImpl.invoke0(Native Method)
	at sun.reflect.NativeMethodAccessorImpl.invoke(Unknown Source)
	at sun.reflect.DelegatingMethodAccessorImpl.invoke(Unknown Source)
	at java.lang.reflect.Method.invoke(Unknown Source)
	at org.testng.internal.MethodInvocationHelper.invokeMethod(MethodInvocationHelper.java:124)
	at org.testng.internal.Invoker.invokeMethod(Invoker.java:583)
	at org.testng.internal.Invoker.invokeTestMethod(Invoker.java:719)
	at org.testng.internal.Invoker.invokeTestMethods(Invoker.java:989)
	at org.testng.internal.TestMethodWorker.invokeTestMethods(TestMethodWorker.java:125)
	at org.testng.internal.TestMethodWorker.run(TestMethodWorker.java:109)
	at org.testng.TestRunner.privateRun(TestRunner.java:648)
	at org.testng.TestRunner.run(TestRunner.java:505)
	at org.testng.SuiteRunner.runTest(SuiteRunner.java:455)
	at org.testng.SuiteRunner.runSequentially(SuiteRunner.java:450)
	at org.testng.SuiteRunner.privateRun(SuiteRunner.java:415)
	at org.testng.SuiteRunner.run(SuiteRunner.java:364)
	at org.testng.SuiteRunnerWorker.runSuite(SuiteRunnerWorker.java:52)
	at org.testng.SuiteRunnerWorker.run(SuiteRunnerWorker.java:84)
	at org.testng.TestNG.runSuitesSequentially(TestNG.java:1208)
	at org.testng.TestNG.runSuitesLocally(TestNG.java:1137)
	at org.testng.TestNG.runSuites(TestNG.java:1049)
	at org.testng.TestNG.run(TestNG.java:1017)
	at org.testng.remote.AbstractRemoteTestNG.run(AbstractRemoteTestNG.java:115)
	at org.testng.remote.RemoteTestNG.initAndRun(RemoteTestNG.java:251)
	at org.testng.remote.RemoteTestNG.main(RemoteTestNG.java:77)

</div> <!-- stack-trace -->
                </div> <!-- method-content -->
              </div> <!-- method -->
              <div class="method">
                <div class="method-content">
                  <a name="productImagesTest(Macbook, Macbook Pro)">
                  </a> <!-- productImagesTest(Macbook, Macbook Pro) -->
                  <span class="method-name">productImagesTest</span>
                  <span class="parameters">(Macbook, Macbook Pro)</span>
                  <div class="stack-trace">org.openqa.selenium.TimeoutException: Expected condition failed: waiting for visibility of all elements located by By.cssSelector: ul.thumbnails img (tried for 5 second(s) with 500 milliseconds interval)
Build info: version: &apos;3.141.59&apos;, revision: &apos;e82be7d358&apos;, time: &apos;2018-11-14T08:17:03&apos;
System info: host: &apos;SEZT1FF221NCU&apos;, ip: &apos;192.168.1.6&apos;, os.name: &apos;Windows 10&apos;, os.arch: &apos;amd64&apos;, os.version: &apos;10.0&apos;, java.version: &apos;1.8.0_231&apos;
Driver info: org.openqa.selenium.chrome.ChromeDriver
Capabilities {acceptInsecureCerts: false, browserName: chrome, browserVersion: 91.0.4472.124, chrome: {chromedriverVersion: 91.0.4472.101 (af52a90bf870..., userDataDir: C:\Users\SHAILE~1.KUM\AppDa...}, goog:chromeOptions: {debuggerAddress: localhost:49620}, javascriptEnabled: true, networkConnectionEnabled: false, pageLoadStrategy: normal, platform: WINDOWS, platformName: WINDOWS, proxy: Proxy(), setWindowRect: true, strictFileInteractability: false, timeouts: {implicit: 0, pageLoad: 300000, script: 30000}, unhandledPromptBehavior: dismiss and notify, webauthn:extension:largeBlob: true, webauthn:virtualAuthenticators: true}
Session ID: d295dab67b8d4295880e4a7bd0b1acaa
	at org.openqa.selenium.support.ui.WebDriverWait.timeoutException(WebDriverWait.java:95)
	at org.openqa.selenium.support.ui.FluentWait.until(FluentWait.java:272)
	at com.qa.opencart.utils.ElementUtil.waitForElementsToBeVisible(ElementUtil.java:224)
	at com.qa.opencart.pages.ProductInfoPage.getProductImagesCount(ProductInfoPage.java:40)
	at com.qa.opencart.tests.ProductInfoPageTest.productImagesTest(ProductInfoPageTest.java:37)
	at sun.reflect.NativeMethodAccessorImpl.invoke0(Native Method)
	at sun.reflect.NativeMethodAccessorImpl.invoke(Unknown Source)
	at sun.reflect.DelegatingMethodAccessorImpl.invoke(Unknown Source)
	at java.lang.reflect.Method.invoke(Unknown Source)
	at org.testng.internal.MethodInvocationHelper.invokeMethod(MethodInvocationHelper.java:124)
	at org.testng.internal.Invoker.invokeMethod(Invoker.java:583)
	at org.testng.internal.Invoker.invokeTestMethod(Invoker.java:719)
	at org.testng.internal.Invoker.invokeTestMethods(Invoker.java:989)
	at org.testng.internal.TestMethodWorker.invokeTestMethods(TestMethodWorker.java:125)
	at org.testng.internal.TestMethodWorker.run(TestMethodWorker.java:109)
	at org.testng.TestRunner.privateRun(TestRunner.java:648)
	at org.testng.TestRunner.run(TestRunner.java:505)
	at org.testng.SuiteRunner.runTest(SuiteRunner.java:455)
	at org.testng.SuiteRunner.runSequentially(SuiteRunner.java:450)
	at org.testng.SuiteRunner.privateRun(SuiteRunner.java:415)
	at org.testng.SuiteRunner.run(SuiteRunner.java:364)
	at org.testng.SuiteRunnerWorker.runSuite(SuiteRunnerWorker.java:52)
	at org.testng.SuiteRunnerWorker.run(SuiteRunnerWorker.java:84)
	at org.testng.TestNG.runSuitesSequentially(TestNG.java:1208)
	at org.testng.TestNG.runSuitesLocally(TestNG.java:1137)
	at org.testng.TestNG.runSuites(TestNG.java:1049)
	at org.testng.TestNG.run(TestNG.java:1017)
	at org.testng.remote.AbstractRemoteTestNG.run(AbstractRemoteTestNG.java:115)
	at org.testng.remote.RemoteTestNG.initAndRun(RemoteTestNG.java:251)
	at org.testng.remote.RemoteTestNG.main(RemoteTestNG.java:77)

</div> <!-- stack-trace -->
                </div> <!-- method-content -->
              </div> <!-- method -->
              <div class="method">
                <div class="method-content">
                  <a name="productInfoHeaderTest(Macbook, Macbook Pro)">
                  </a> <!-- productInfoHeaderTest(Macbook, Macbook Pro) -->
                  <span class="method-name">productInfoHeaderTest</span>
                  <span class="parameters">(Macbook, Macbook Pro)</span>
                  <div class="stack-trace">java.lang.AssertionError: expected [Macbook Pro] but found [Search - Macbook]
	at org.testng.Assert.fail(Assert.java:96)
	at org.testng.Assert.failNotEquals(Assert.java:776)
	at org.testng.Assert.assertEqualsImpl(Assert.java:137)
	at org.testng.Assert.assertEquals(Assert.java:118)
	at org.testng.Assert.assertEquals(Assert.java:453)
	at org.testng.Assert.assertEquals(Assert.java:463)
	at com.qa.opencart.tests.ProductInfoPageTest.productInfoHeaderTest(ProductInfoPageTest.java:29)
	at sun.reflect.NativeMethodAccessorImpl.invoke0(Native Method)
	at sun.reflect.NativeMethodAccessorImpl.invoke(Unknown Source)
	at sun.reflect.DelegatingMethodAccessorImpl.invoke(Unknown Source)
	at java.lang.reflect.Method.invoke(Unknown Source)
	at org.testng.internal.MethodInvocationHelper.invokeMethod(MethodInvocationHelper.java:124)
	at org.testng.internal.Invoker.invokeMethod(Invoker.java:583)
	at org.testng.internal.Invoker.invokeTestMethod(Invoker.java:719)
	at org.testng.internal.Invoker.invokeTestMethods(Invoker.java:989)
	at org.testng.internal.TestMethodWorker.invokeTestMethods(TestMethodWorker.java:125)
	at org.testng.internal.TestMethodWorker.run(TestMethodWorker.java:109)
	at org.testng.TestRunner.privateRun(TestRunner.java:648)
	at org.testng.TestRunner.run(TestRunner.java:505)
	at org.testng.SuiteRunner.runTest(SuiteRunner.java:455)
	at org.testng.SuiteRunner.runSequentially(SuiteRunner.java:450)
	at org.testng.SuiteRunner.privateRun(SuiteRunner.java:415)
	at org.testng.SuiteRunner.run(SuiteRunner.java:364)
	at org.testng.SuiteRunnerWorker.runSuite(SuiteRunnerWorker.java:52)
	at org.testng.SuiteRunnerWorker.run(SuiteRunnerWorker.java:84)
	at org.testng.TestNG.runSuitesSequentially(TestNG.java:1208)
	at org.testng.TestNG.runSuitesLocally(TestNG.java:1137)
	at org.testng.TestNG.runSuites(TestNG.java:1049)
	at org.testng.TestNG.run(TestNG.java:1017)
	at org.testng.remote.AbstractRemoteTestNG.run(AbstractRemoteTestNG.java:115)
	at org.testng.remote.RemoteTestNG.initAndRun(RemoteTestNG.java:251)
	at org.testng.remote.RemoteTestNG.main(RemoteTestNG.java:77)

</div> <!-- stack-trace -->
                </div> <!-- method-content -->
              </div> <!-- method -->
              <div class="method">
                <div class="method-content">
                  <a name="productInfoHeaderTest(apple, apple cinema 30&#039;)">
                  </a> <!-- productInfoHeaderTest(apple, apple cinema 30') -->
                  <span class="method-name">productInfoHeaderTest</span>
                  <span class="parameters">(apple, apple cinema 30')</span>
                  <div class="stack-trace">java.lang.AssertionError: expected [apple cinema 30&apos;] but found [Search - apple]
	at org.testng.Assert.fail(Assert.java:96)
	at org.testng.Assert.failNotEquals(Assert.java:776)
	at org.testng.Assert.assertEqualsImpl(Assert.java:137)
	at org.testng.Assert.assertEquals(Assert.java:118)
	at org.testng.Assert.assertEquals(Assert.java:453)
	at org.testng.Assert.assertEquals(Assert.java:463)
	at com.qa.opencart.tests.ProductInfoPageTest.productInfoHeaderTest(ProductInfoPageTest.java:29)
	at sun.reflect.NativeMethodAccessorImpl.invoke0(Native Method)
	at sun.reflect.NativeMethodAccessorImpl.invoke(Unknown Source)
	at sun.reflect.DelegatingMethodAccessorImpl.invoke(Unknown Source)
	at java.lang.reflect.Method.invoke(Unknown Source)
	at org.testng.internal.MethodInvocationHelper.invokeMethod(MethodInvocationHelper.java:124)
	at org.testng.internal.Invoker.invokeMethod(Invoker.java:583)
	at org.testng.internal.Invoker.invokeTestMethod(Invoker.java:719)
	at org.testng.internal.Invoker.invokeTestMethods(Invoker.java:989)
	at org.testng.internal.TestMethodWorker.invokeTestMethods(TestMethodWorker.java:125)
	at org.testng.internal.TestMethodWorker.run(TestMethodWorker.java:109)
	at org.testng.TestRunner.privateRun(TestRunner.java:648)
	at org.testng.TestRunner.run(TestRunner.java:505)
	at org.testng.SuiteRunner.runTest(SuiteRunner.java:455)
	at org.testng.SuiteRunner.runSequentially(SuiteRunner.java:450)
	at org.testng.SuiteRunner.privateRun(SuiteRunner.java:415)
	at org.testng.SuiteRunner.run(SuiteRunner.java:364)
	at org.testng.SuiteRunnerWorker.runSuite(SuiteRunnerWorker.java:52)
	at org.testng.SuiteRunnerWorker.run(SuiteRunnerWorker.java:84)
	at org.testng.TestNG.runSuitesSequentially(TestNG.java:1208)
	at org.testng.TestNG.runSuitesLocally(TestNG.java:1137)
	at org.testng.TestNG.runSuites(TestNG.java:1049)
	at org.testng.TestNG.run(TestNG.java:1017)
	at org.testng.remote.AbstractRemoteTestNG.run(AbstractRemoteTestNG.java:115)
	at org.testng.remote.RemoteTestNG.initAndRun(RemoteTestNG.java:251)
	at org.testng.remote.RemoteTestNG.main(RemoteTestNG.java:77)

</div> <!-- stack-trace -->
                </div> <!-- method-content -->
              </div> <!-- method -->
            </div> <!-- main-panel-content rounded-window-bottom -->
          </div> <!-- suite-Open_Cart_Test_Suite-class-failed -->
          <div class="suite-Open_Cart_Test_Suite-class-passed">
            <div class="main-panel-header rounded-window-top">
              <img src="passed.png"/>
              <span class="class-name">com.qa.opencart.tests.AccountsPageTest</span>
            </div> <!-- main-panel-header rounded-window-top -->
            <div class="main-panel-content rounded-window-bottom">
              <div class="method">
                <div class="method-content">
                  <a name="accPageSectionsListTest">
                  </a> <!-- accPageSectionsListTest -->
                  <span class="method-name">accPageSectionsListTest</span>
                </div> <!-- method-content -->
              </div> <!-- method -->
              <div class="method">
                <div class="method-content">
                  <a name="accPageTitleTest">
                  </a> <!-- accPageTitleTest -->
                  <span class="method-name">accPageTitleTest</span>
                </div> <!-- method-content -->
              </div> <!-- method -->
              <div class="method">
                <div class="method-content">
                  <a name="headerTest">
                  </a> <!-- headerTest -->
                  <span class="method-name">headerTest</span>
                </div> <!-- method-content -->
              </div> <!-- method -->
              <div class="method">
                <div class="method-content">
                  <a name="logoutLinkTest">
                  </a> <!-- logoutLinkTest -->
                  <span class="method-name">logoutLinkTest</span>
                </div> <!-- method-content -->
              </div> <!-- method -->
              <div class="method">
                <div class="method-content">
                  <a name="searchExistTest">
                  </a> <!-- searchExistTest -->
                  <span class="method-name">searchExistTest</span>
                </div> <!-- method-content -->
              </div> <!-- method -->
              <div class="method">
                <div class="method-content">
                  <a name="searchTest(Apple)">
                  </a> <!-- searchTest(Apple) -->
                  <span class="method-name">searchTest</span>
                  <span class="parameters">(Apple)</span>
                </div> <!-- method-content -->
              </div> <!-- method -->
              <div class="method">
                <div class="method-content">
                  <a name="searchTest(iMac)">
                  </a> <!-- searchTest(iMac) -->
                  <span class="method-name">searchTest</span>
                  <span class="parameters">(iMac)</span>
                </div> <!-- method-content -->
              </div> <!-- method -->
              <div class="method">
                <div class="method-content">
                  <a name="searchTest(Macbook)">
                  </a> <!-- searchTest(Macbook) -->
                  <span class="method-name">searchTest</span>
                  <span class="parameters">(Macbook)</span>
                </div> <!-- method-content -->
              </div> <!-- method -->
              <div class="method">
                <div class="method-content">
                  <a name="selectProduct(iMac, iMac)">
                  </a> <!-- selectProduct(iMac, iMac) -->
                  <span class="method-name">selectProduct</span>
                  <span class="parameters">(iMac, iMac)</span>
                </div> <!-- method-content -->
              </div> <!-- method -->
            </div> <!-- main-panel-content rounded-window-bottom -->
          </div> <!-- suite-Open_Cart_Test_Suite-class-passed -->
          <div class="suite-Open_Cart_Test_Suite-class-passed">
            <div class="main-panel-header rounded-window-top">
              <img src="passed.png"/>
              <span class="class-name">com.qa.opencart.tests.RegistrationPageTest</span>
            </div> <!-- main-panel-header rounded-window-top -->
            <div class="main-panel-content rounded-window-bottom">
              <div class="method">
                <div class="method-content">
                  <a name="userRegistrationTest(varsha, voshi, 4343433434, varsha@1243, no)">
                  </a> <!-- userRegistrationTest(varsha, voshi, 4343433434, varsha@1243, no) -->
                  <span class="method-name">userRegistrationTest</span>
                  <span class="parameters">(varsha, voshi, 4343433434, varsha@1243, no)</span>
                </div> <!-- method-content -->
              </div> <!-- method -->
              <div class="method">
                <div class="method-content">
                  <a name="userRegistrationTest(rahul , KUMAR, 2323232323, rahul@22, yes)">
                  </a> <!-- userRegistrationTest(rahul , KUMAR, 2323232323, rahul@22, yes) -->
                  <span class="method-name">userRegistrationTest</span>
                  <span class="parameters">(rahul , KUMAR, 2323232323, rahul@22, yes)</span>
                </div> <!-- method-content -->
              </div> <!-- method -->
              <div class="method">
                <div class="method-content">
                  <a name="userRegistrationTest(Shailesh, kumar, 3434343434, shailesh@123, yes)">
                  </a> <!-- userRegistrationTest(Shailesh, kumar, 3434343434, shailesh@123, yes) -->
                  <span class="method-name">userRegistrationTest</span>
                  <span class="parameters">(Shailesh, kumar, 3434343434, shailesh@123, yes)</span>
                </div> <!-- method-content -->
              </div> <!-- method -->
            </div> <!-- main-panel-content rounded-window-bottom -->
          </div> <!-- suite-Open_Cart_Test_Suite-class-passed -->
          <div class="suite-Open_Cart_Test_Suite-class-passed">
            <div class="main-panel-header rounded-window-top">
              <img src="passed.png"/>
              <span class="class-name">com.qa.opencart.tests.ProductInfoPageTest</span>
            </div> <!-- main-panel-header rounded-window-top -->
            <div class="main-panel-content rounded-window-bottom">
              <div class="method">
                <div class="method-content">
                  <a name="productImagesTest(iMac, iMac)">
                  </a> <!-- productImagesTest(iMac, iMac) -->
                  <span class="method-name">productImagesTest</span>
                  <span class="parameters">(iMac, iMac)</span>
                </div> <!-- method-content -->
              </div> <!-- method -->
              <div class="method">
                <div class="method-content">
                  <a name="productInfoHeaderTest(iMac, iMac)">
                  </a> <!-- productInfoHeaderTest(iMac, iMac) -->
                  <span class="method-name">productInfoHeaderTest</span>
                  <span class="parameters">(iMac, iMac)</span>
                </div> <!-- method-content -->
              </div> <!-- method -->
              <div class="method">
                <div class="method-content">
                  <a name="productInfoTest">
                  </a> <!-- productInfoTest -->
                  <span class="method-name">productInfoTest</span>
                </div> <!-- method-content -->
              </div> <!-- method -->
            </div> <!-- main-panel-content rounded-window-bottom -->
          </div> <!-- suite-Open_Cart_Test_Suite-class-passed -->
          <div class="suite-Open_Cart_Test_Suite-class-passed">
            <div class="main-panel-header rounded-window-top">
              <img src="passed.png"/>
              <span class="class-name">com.qa.opencart.tests.LoginPageTest</span>
            </div> <!-- main-panel-header rounded-window-top -->
            <div class="main-panel-content rounded-window-bottom">
              <div class="method">
                <div class="method-content">
                  <a name="forgotPwdLinkTest">
                  </a> <!-- forgotPwdLinkTest -->
                  <span class="method-name">forgotPwdLinkTest</span>
                </div> <!-- method-content -->
              </div> <!-- method -->
              <div class="method">
                <div class="method-content">
                  <a name="loginPageTitleTest">
                  </a> <!-- loginPageTitleTest -->
                  <span class="method-name">loginPageTitleTest</span>
                </div> <!-- method-content -->
              </div> <!-- method -->
              <div class="method">
                <div class="method-content">
                  <a name="loginTest">
                  </a> <!-- loginTest -->
                  <span class="method-name">loginTest</span>
                </div> <!-- method-content -->
              </div> <!-- method -->
            </div> <!-- main-panel-content rounded-window-bottom -->
          </div> <!-- suite-Open_Cart_Test_Suite-class-passed -->
        </div> <!-- panel Open_Cart_Test_Suite -->
        <div panel-name="test-xml-Open_Cart_Test_Suite" class="panel">
          <div class="main-panel-header rounded-window-top">
            <span class="header-content">C:\Users\shailesh.kumar2\eclipse-workspace\POMjavaFramework\src\test\resources\testrunners\testng_regression.xml</span>
          </div> <!-- main-panel-header rounded-window-top -->
          <div class="main-panel-content rounded-window-bottom">
            <pre>
&lt;?xml version=&quot;1.0&quot; encoding=&quot;UTF-8&quot;?&gt;
&lt;!DOCTYPE suite SYSTEM &quot;http://testng.org/testng-1.0.dtd&quot;&gt;
&lt;suite guice-stage=&quot;DEVELOPMENT&quot; verbose=&quot;4&quot; name=&quot;Open Cart Test Suite&quot;&gt;
  &lt;test thread-count=&quot;5&quot; verbose=&quot;4&quot; name=&quot;Open Cart Login Page Test&quot;&gt;
    &lt;classes&gt;
      &lt;class name=&quot;com.qa.opencart.tests.LoginPageTest&quot;/&gt;
    &lt;/classes&gt;
  &lt;/test&gt; &lt;!-- Open Cart Login Page Test --&gt;
  &lt;test thread-count=&quot;5&quot; verbose=&quot;4&quot; name=&quot;Open Cart Accounts Page Test&quot;&gt;
    &lt;classes&gt;
      &lt;class name=&quot;com.qa.opencart.tests.AccountsPageTest&quot;/&gt;
    &lt;/classes&gt;
  &lt;/test&gt; &lt;!-- Open Cart Accounts Page Test --&gt;
  &lt;test thread-count=&quot;5&quot; verbose=&quot;4&quot; name=&quot;Open Cart ProductInfo Page Test&quot;&gt;
    &lt;classes&gt;
      &lt;class name=&quot;com.qa.opencart.tests.ProductInfoPageTest&quot;/&gt;
    &lt;/classes&gt;
  &lt;/test&gt; &lt;!-- Open Cart ProductInfo Page Test --&gt;
  &lt;test thread-count=&quot;5&quot; verbose=&quot;4&quot; name=&quot;Open Cart Registration Page Test&quot;&gt;
    &lt;classes&gt;
      &lt;class name=&quot;com.qa.opencart.tests.RegistrationPageTest&quot;/&gt;
    &lt;/classes&gt;
  &lt;/test&gt; &lt;!-- Open Cart Registration Page Test --&gt;
&lt;/suite&gt; &lt;!-- Open Cart Test Suite --&gt;
            </pre>
          </div> <!-- main-panel-content rounded-window-bottom -->
        </div> <!-- panel -->
        <div panel-name="testlist-Open_Cart_Test_Suite" class="panel">
          <div class="main-panel-header rounded-window-top">
            <span class="header-content">Tests for Open Cart Test Suite</span>
          </div> <!-- main-panel-header rounded-window-top -->
          <div class="main-panel-content rounded-window-bottom">
            <ul>
              <li>
                <span class="test-name">Open Cart Login Page Test (1 class)</span>
              </li>
              <li>
                <span class="test-name">Open Cart Accounts Page Test (1 class)</span>
              </li>
              <li>
                <span class="test-name">Open Cart ProductInfo Page Test (1 class)</span>
              </li>
              <li>
                <span class="test-name">Open Cart Registration Page Test (1 class)</span>
              </li>
            </ul>
          </div> <!-- main-panel-content rounded-window-bottom -->
        </div> <!-- panel -->
        <div panel-name="group-Open_Cart_Test_Suite" class="panel">
          <div class="main-panel-header rounded-window-top">
            <span class="header-content">Groups for Open Cart Test Suite</span>
          </div> <!-- main-panel-header rounded-window-top -->
          <div class="main-panel-content rounded-window-bottom">
          </div> <!-- main-panel-content rounded-window-bottom -->
        </div> <!-- panel -->
        <div panel-name="times-Open_Cart_Test_Suite" class="panel">
          <div class="main-panel-header rounded-window-top">
            <span class="header-content">Times for Open Cart Test Suite</span>
          </div> <!-- main-panel-header rounded-window-top -->
          <div class="main-panel-content rounded-window-bottom">
            <div class="times-div">
              <script type="text/javascript">
suiteTableInitFunctions.push('tableData_Open_Cart_Test_Suite');
function tableData_Open_Cart_Test_Suite() {
var data = new google.visualization.DataTable();
data.addColumn('number', 'Number');
data.addColumn('string', 'Method');
data.addColumn('string', 'Class');
data.addColumn('number', 'Time (ms)');
data.addRows(24);
data.setCell(0, 0, 0)
data.setCell(0, 1, 'productImagesTest')
data.setCell(0, 2, 'com.qa.opencart.tests.ProductInfoPageTest')
data.setCell(0, 3, 6816);
data.setCell(1, 0, 1)
data.setCell(1, 1, 'productImagesTest')
data.setCell(1, 2, 'com.qa.opencart.tests.ProductInfoPageTest')
data.setCell(1, 3, 6506);
data.setCell(2, 0, 2)
data.setCell(2, 1, 'userRegistrationTest')
data.setCell(2, 2, 'com.qa.opencart.tests.RegistrationPageTest')
data.setCell(2, 3, 6252);
data.setCell(3, 0, 3)
data.setCell(3, 1, 'userRegistrationTest')
data.setCell(3, 2, 'com.qa.opencart.tests.RegistrationPageTest')
data.setCell(3, 3, 6168);
data.setCell(4, 0, 4)
data.setCell(4, 1, 'userRegistrationTest')
data.setCell(4, 2, 'com.qa.opencart.tests.RegistrationPageTest')
data.setCell(4, 3, 6136);
data.setCell(5, 0, 5)
data.setCell(5, 1, 'selectProduct')
data.setCell(5, 2, 'com.qa.opencart.tests.AccountsPageTest')
data.setCell(5, 3, 4754);
data.setCell(6, 0, 6)
data.setCell(6, 1, 'productImagesTest')
data.setCell(6, 2, 'com.qa.opencart.tests.ProductInfoPageTest')
data.setCell(6, 3, 4127);
data.setCell(7, 0, 7)
data.setCell(7, 1, 'productInfoTest')
data.setCell(7, 2, 'com.qa.opencart.tests.ProductInfoPageTest')
data.setCell(7, 3, 3823);
data.setCell(8, 0, 8)
data.setCell(8, 1, 'loginTest')
data.setCell(8, 2, 'com.qa.opencart.tests.LoginPageTest')
data.setCell(8, 3, 3415);
data.setCell(9, 0, 9)
data.setCell(9, 1, 'productInfoHeaderTest')
data.setCell(9, 2, 'com.qa.opencart.tests.ProductInfoPageTest')
data.setCell(9, 3, 3321);
data.setCell(10, 0, 10)
data.setCell(10, 1, 'searchTest')
data.setCell(10, 2, 'com.qa.opencart.tests.AccountsPageTest')
data.setCell(10, 3, 2465);
data.setCell(11, 0, 11)
data.setCell(11, 1, 'searchTest')
data.setCell(11, 2, 'com.qa.opencart.tests.AccountsPageTest')
data.setCell(11, 3, 2415);
data.setCell(12, 0, 12)
data.setCell(12, 1, 'searchTest')
data.setCell(12, 2, 'com.qa.opencart.tests.AccountsPageTest')
data.setCell(12, 3, 2384);
data.setCell(13, 0, 13)
data.setCell(13, 1, 'selectProduct')
data.setCell(13, 2, 'com.qa.opencart.tests.AccountsPageTest')
data.setCell(13, 3, 1483);
data.setCell(14, 0, 14)
data.setCell(14, 1, 'selectProduct')
data.setCell(14, 2, 'com.qa.opencart.tests.AccountsPageTest')
data.setCell(14, 3, 1461);
data.setCell(15, 0, 15)
data.setCell(15, 1, 'productInfoHeaderTest')
data.setCell(15, 2, 'com.qa.opencart.tests.ProductInfoPageTest')
data.setCell(15, 3, 1408);
data.setCell(16, 0, 16)
data.setCell(16, 1, 'productInfoHeaderTest')
data.setCell(16, 2, 'com.qa.opencart.tests.ProductInfoPageTest')
data.setCell(16, 3, 1395);
data.setCell(17, 0, 17)
data.setCell(17, 1, 'forgotPwdLinkTest')
data.setCell(17, 2, 'com.qa.opencart.tests.LoginPageTest')
data.setCell(17, 3, 228);
data.setCell(18, 0, 18)
data.setCell(18, 1, 'loginPageTitleTest')
data.setCell(18, 2, 'com.qa.opencart.tests.LoginPageTest')
data.setCell(18, 3, 167);
data.setCell(19, 0, 19)
data.setCell(19, 1, 'accPageSectionsListTest')
data.setCell(19, 2, 'com.qa.opencart.tests.AccountsPageTest')
data.setCell(19, 3, 153);
data.setCell(20, 0, 20)
data.setCell(20, 1, 'logoutLinkTest')
data.setCell(20, 2, 'com.qa.opencart.tests.AccountsPageTest')
data.setCell(20, 3, 33);
data.setCell(21, 0, 21)
data.setCell(21, 1, 'searchExistTest')
data.setCell(21, 2, 'com.qa.opencart.tests.AccountsPageTest')
data.setCell(21, 3, 19);
data.setCell(22, 0, 22)
data.setCell(22, 1, 'headerTest')
data.setCell(22, 2, 'com.qa.opencart.tests.AccountsPageTest')
data.setCell(22, 3, 18);
data.setCell(23, 0, 23)
data.setCell(23, 1, 'accPageTitleTest')
data.setCell(23, 2, 'com.qa.opencart.tests.AccountsPageTest')
data.setCell(23, 3, 6);
window.suiteTableData['Open_Cart_Test_Suite']= { tableData: data, tableDiv: 'times-div-Open_Cart_Test_Suite'}
return data;
}
              </script>
              <span class="suite-total-time">Total running time: 1 minutes</span>
              <div id="times-div-Open_Cart_Test_Suite">
              </div> <!-- times-div-Open_Cart_Test_Suite -->
            </div> <!-- times-div -->
          </div> <!-- main-panel-content rounded-window-bottom -->
        </div> <!-- panel -->
        <div panel-name="reporter-Open_Cart_Test_Suite" class="panel">
          <div class="main-panel-header rounded-window-top">
            <span class="header-content">Reporter output for Open Cart Test Suite</span>
          </div> <!-- main-panel-header rounded-window-top -->
          <div class="main-panel-content rounded-window-bottom">
          </div> <!-- main-panel-content rounded-window-bottom -->
        </div> <!-- panel -->
        <div panel-name="ignored-methods-Open_Cart_Test_Suite" class="panel">
          <div class="main-panel-header rounded-window-top">
            <span class="header-content">0 ignored methods</span>
          </div> <!-- main-panel-header rounded-window-top -->
          <div class="main-panel-content rounded-window-bottom">
          </div> <!-- main-panel-content rounded-window-bottom -->
        </div> <!-- panel -->
        <div panel-name="chronological-Open_Cart_Test_Suite" class="panel">
          <div class="main-panel-header rounded-window-top">
            <span class="header-content">Methods in chronological order</span>
          </div> <!-- main-panel-header rounded-window-top -->
          <div class="main-panel-content rounded-window-bottom">
            <div class="chronological-class">
              <div class="chronological-class-name">com.qa.opencart.tests.LoginPageTest</div> <!-- chronological-class-name -->
              <div class="configuration-test before">
                <span class="method-name">setUp</span>
                <span class="method-start">0 ms</span>
              </div> <!-- configuration-test before -->
              <div class="test-method">
                <span class="method-name">forgotPwdLinkTest</span>
                <span class="method-start">17790 ms</span>
              </div> <!-- test-method -->
              <div class="test-method">
                <span class="method-name">loginPageTitleTest</span>
                <span class="method-start">18019 ms</span>
              </div> <!-- test-method -->
              <div class="test-method">
                <span class="method-name">loginTest</span>
                <span class="method-start">18187 ms</span>
              </div> <!-- test-method -->
              <div class="configuration-test after">
                <span class="method-name">tearDown</span>
                <span class="method-start">21604 ms</span>
              </div> <!-- configuration-test after -->
            </div> <!-- chronological-class -->
            <div class="chronological-class">
              <div class="chronological-class-name">com.qa.opencart.tests.AccountsPageTest</div> <!-- chronological-class-name -->
              <div class="configuration-test before">
                <span class="method-name">setUp</span>
                <span class="method-start">22603 ms</span>
              </div> <!-- configuration-test before -->
              <div class="configuration-class before">
                <span class="method-name">accPageSetup</span>
                <span class="method-start">51755 ms</span>
              </div> <!-- configuration-class before -->
              <div class="test-method">
                <span class="method-name">accPageSectionsListTest</span>
                <span class="method-start">54253 ms</span>
              </div> <!-- test-method -->
              <div class="test-method">
                <span class="method-name">accPageTitleTest</span>
                <span class="method-start">54407 ms</span>
              </div> <!-- test-method -->
              <div class="test-method">
                <span class="method-name">headerTest</span>
                <span class="method-start">54414 ms</span>
              </div> <!-- test-method -->
              <div class="test-method">
                <span class="method-name">logoutLinkTest</span>
                <span class="method-start">54433 ms</span>
              </div> <!-- test-method -->
              <div class="test-method">
                <span class="method-name">searchExistTest</span>
                <span class="method-start">54466 ms</span>
              </div> <!-- test-method -->
              <div class="test-method">
                <span class="method-name">searchTest(Macbook)</span>
                <span class="method-start">54499 ms</span>
              </div> <!-- test-method -->
              <div class="test-method">
                <span class="method-name">searchTest(iMac)</span>
                <span class="method-start">56914 ms</span>
              </div> <!-- test-method -->
              <div class="test-method">
                <span class="method-name">searchTest(Apple)</span>
                <span class="method-start">59379 ms</span>
              </div> <!-- test-method -->
              <div class="test-method">
                <img src="failed.png">
                </img>
                <span class="method-name">selectProduct(Macbook, Macbook Pro)</span>
                <span class="method-start">61764 ms</span>
              </div> <!-- test-method -->
              <div class="test-method">
                <span class="method-name">selectProduct(iMac, iMac)</span>
                <span class="method-start">63272 ms</span>
              </div> <!-- test-method -->
              <div class="test-method">
                <img src="failed.png">
                </img>
                <span class="method-name">selectProduct(Apple, Apple Cinema 30)</span>
                <span class="method-start">68026 ms</span>
              </div> <!-- test-method -->
              <div class="configuration-test after">
                <span class="method-name">tearDown</span>
                <span class="method-start">69488 ms</span>
              </div> <!-- configuration-test after -->
            </div> <!-- chronological-class -->
            <div class="chronological-class">
              <div class="chronological-class-name">com.qa.opencart.tests.ProductInfoPageTest</div> <!-- chronological-class-name -->
              <div class="configuration-test before">
                <span class="method-name">setUp</span>
                <span class="method-start">70489 ms</span>
              </div> <!-- configuration-test before -->
              <div class="configuration-class before">
                <span class="method-name">accPageSetup</span>
                <span class="method-start">99375 ms</span>
              </div> <!-- configuration-class before -->
              <div class="test-method">
                <img src="failed.png">
                </img>
                <span class="method-name">productImagesTest(Macbook, Macbook Pro)</span>
                <span class="method-start">103831 ms</span>
              </div> <!-- test-method -->
              <div class="test-method">
                <span class="method-name">productImagesTest(iMac, iMac)</span>
                <span class="method-start">110648 ms</span>
              </div> <!-- test-method -->
              <div class="test-method">
                <img src="failed.png">
                </img>
                <span class="method-name">productImagesTest(apple, apple cinema 30')</span>
                <span class="method-start">114775 ms</span>
              </div> <!-- test-method -->
              <div class="test-method">
                <img src="failed.png">
                </img>
                <span class="method-name">productInfoHeaderTest(Macbook, Macbook Pro)</span>
                <span class="method-start">121299 ms</span>
              </div> <!-- test-method -->
              <div class="test-method">
                <span class="method-name">productInfoHeaderTest(iMac, iMac)</span>
                <span class="method-start">122695 ms</span>
              </div> <!-- test-method -->
              <div class="test-method">
                <img src="failed.png">
                </img>
                <span class="method-name">productInfoHeaderTest(apple, apple cinema 30')</span>
                <span class="method-start">126017 ms</span>
              </div> <!-- test-method -->
              <div class="test-method">
                <span class="method-name">productInfoTest</span>
                <span class="method-start">127425 ms</span>
              </div> <!-- test-method -->
              <div class="configuration-test after">
                <span class="method-name">tearDown</span>
                <span class="method-start">131249 ms</span>
              </div> <!-- configuration-test after -->
            </div> <!-- chronological-class -->
            <div class="chronological-class">
              <div class="chronological-class-name">com.qa.opencart.tests.RegistrationPageTest</div> <!-- chronological-class-name -->
              <div class="configuration-test before">
                <span class="method-name">setUp</span>
                <span class="method-start">132223 ms</span>
              </div> <!-- configuration-test before -->
              <div class="configuration-class before">
                <span class="method-name">setUpRegistration</span>
                <span class="method-start">161196 ms</span>
              </div> <!-- configuration-class before -->
              <div class="test-method">
                <span class="method-name">userRegistrationTest(Shailesh, kumar, 3434343434, shailesh@123, yes)</span>
                <span class="method-start">162556 ms</span>
              </div> <!-- test-method -->
              <div class="test-method">
                <span class="method-name">userRegistrationTest(varsha, voshi, 4343433434, varsha@1243, no)</span>
                <span class="method-start">168724 ms</span>
              </div> <!-- test-method -->
              <div class="test-method">
                <span class="method-name">userRegistrationTest(rahul , KUMAR, 2323232323, rahul@22, yes)</span>
                <span class="method-start">174977 ms</span>
              </div> <!-- test-method -->
              <div class="configuration-test after">
                <span class="method-name">tearDown</span>
                <span class="method-start">181113 ms</span>
              </div> <!-- configuration-test after -->
          </div> <!-- main-panel-content rounded-window-bottom -->
        </div> <!-- panel -->
      </div> <!-- main-panel-root -->
    </div> <!-- wrapper -->
  </body>
</html>
