<?xml version="1.0" encoding="UTF-8"?>
<!-- Generated by org.testng.reporters.JUnitReportReporter -->
<testsuite skipped="0" hostname="SEZT1FF221NCU" name="com.qa.opencart.tests.AccountsPageTest" tests="11" failures="2" timestamp="25 Aug 2021 06:55:25 GMT" time="26.375" errors="0">
  <testcase name="searchExistTest" time="0.779" classname="com.qa.opencart.tests.AccountsPageTest"/>
  <testcase name="searchTest" time="3.802" classname="com.qa.opencart.tests.AccountsPageTest"/>
  <testcase name="accPageTitleTest" time="0.010" classname="com.qa.opencart.tests.AccountsPageTest"/>
  <testcase name="logoutLinkTest" time="0.816" classname="com.qa.opencart.tests.AccountsPageTest"/>
  <testcase name="selectProduct" time="5.950" classname="com.qa.opencart.tests.AccountsPageTest"/>
  <testcase name="selectProduct" time="3.599" classname="com.qa.opencart.tests.AccountsPageTest">
    <failure type="java.lang.AssertionError" message="expected [Apple Cinema 30] but found [Search - Apple]">
      <![CDATA[java.lang.AssertionError: expected [Apple Cinema 30] but found [Search - Apple]
at org.testng.Assert.fail(Assert.java:96)
at org.testng.Assert.failNotEquals(Assert.java:776)
at org.testng.Assert.assertEqualsImpl(Assert.java:137)
at org.testng.Assert.assertEquals(Assert.java:118)
at org.testng.Assert.assertEquals(Assert.java:453)
at org.testng.Assert.assertEquals(Assert.java:463)
at com.qa.opencart.tests.AccountsPageTest.selectProduct(AccountsPageTest.java:68)
at sun.reflect.NativeMethodAccessorImpl.invoke0(Native Method)
at sun.reflect.NativeMethodAccessorImpl.invoke(Unknown Source)
at sun.reflect.DelegatingMethodAccessorImpl.invoke(Unknown Source)
at java.lang.reflect.Method.invoke(Unknown Source)
at org.testng.internal.MethodInvocationHelper.invokeMethod(MethodInvocationHelper.java:124)
at org.testng.internal.Invoker.invokeMethod(Invoker.java:583)
at org.testng.internal.Invoker.invokeTestMethod(Invoker.java:719)
at org.testng.internal.Invoker.invokeTestMethods(Invoker.java:989)
at org.testng.internal.TestMethodWorker.invokeTestMethods(TestMethodWorker.java:125)
at org.testng.internal.TestMethodWorker.run(TestMethodWorker.java:109)
at org.testng.TestRunner.privateRun(TestRunner.java:648)
at org.testng.TestRunner.run(TestRunner.java:505)
at org.testng.SuiteRunner.runTest(SuiteRunner.java:455)
at org.testng.SuiteRunner.access$000(SuiteRunner.java:40)
at org.testng.SuiteRunner$SuiteWorker.run(SuiteRunner.java:489)
at org.testng.internal.thread.ThreadUtil$1.call(ThreadUtil.java:52)
at java.util.concurrent.FutureTask.run(Unknown Source)
at java.util.concurrent.ThreadPoolExecutor.runWorker(Unknown Source)
at java.util.concurrent.ThreadPoolExecutor$Worker.run(Unknown Source)
at java.lang.Thread.run(Unknown Source)
]]>
    </failure>
  </testcase> <!-- selectProduct -->
  <testcase name="searchTest" time="2.940" classname="com.qa.opencart.tests.AccountsPageTest"/>
  <testcase name="accPageSectionsListTest" time="0.181" classname="com.qa.opencart.tests.AccountsPageTest"/>
  <testcase name="searchTest" time="3.849" classname="com.qa.opencart.tests.AccountsPageTest"/>
  <testcase name="headerTest" time="0.809" classname="com.qa.opencart.tests.AccountsPageTest"/>
  <testcase name="selectProduct" time="3.640" classname="com.qa.opencart.tests.AccountsPageTest">
    <failure type="java.lang.AssertionError" message="expected [Macbook Pro] but found [Search - Macbook]">
      <![CDATA[java.lang.AssertionError: expected [Macbook Pro] but found [Search - Macbook]
at org.testng.Assert.fail(Assert.java:96)
at org.testng.Assert.failNotEquals(Assert.java:776)
at org.testng.Assert.assertEqualsImpl(Assert.java:137)
at org.testng.Assert.assertEquals(Assert.java:118)
at org.testng.Assert.assertEquals(Assert.java:453)
at org.testng.Assert.assertEquals(Assert.java:463)
at com.qa.opencart.tests.AccountsPageTest.selectProduct(AccountsPageTest.java:68)
at sun.reflect.NativeMethodAccessorImpl.invoke0(Native Method)
at sun.reflect.NativeMethodAccessorImpl.invoke(Unknown Source)
at sun.reflect.DelegatingMethodAccessorImpl.invoke(Unknown Source)
at java.lang.reflect.Method.invoke(Unknown Source)
at org.testng.internal.MethodInvocationHelper.invokeMethod(MethodInvocationHelper.java:124)
at org.testng.internal.Invoker.invokeMethod(Invoker.java:583)
at org.testng.internal.Invoker.invokeTestMethod(Invoker.java:719)
at org.testng.internal.Invoker.invokeTestMethods(Invoker.java:989)
at org.testng.internal.TestMethodWorker.invokeTestMethods(TestMethodWorker.java:125)
at org.testng.internal.TestMethodWorker.run(TestMethodWorker.java:109)
at org.testng.TestRunner.privateRun(TestRunner.java:648)
at org.testng.TestRunner.run(TestRunner.java:505)
at org.testng.SuiteRunner.runTest(SuiteRunner.java:455)
at org.testng.SuiteRunner.access$000(SuiteRunner.java:40)
at org.testng.SuiteRunner$SuiteWorker.run(SuiteRunner.java:489)
at org.testng.internal.thread.ThreadUtil$1.call(ThreadUtil.java:52)
at java.util.concurrent.FutureTask.run(Unknown Source)
at java.util.concurrent.ThreadPoolExecutor.runWorker(Unknown Source)
at java.util.concurrent.ThreadPoolExecutor$Worker.run(Unknown Source)
at java.lang.Thread.run(Unknown Source)
]]>
    </failure>
  </testcase> <!-- selectProduct -->
</testsuite> <!-- com.qa.opencart.tests.AccountsPageTest -->
